#-----------------------------------------------------------
# Vivado v2017.4 (64-bit)
# SW Build 2086221 on Fri Dec 15 20:55:39 MST 2017
# IP Build 2085800 on Fri Dec 15 22:25:07 MST 2017
# Start of session at: Mon May 20 23:08:54 2024
# Process ID: 5868
# Current directory: C:/Users/mehme/blg242/Latches and flipflops
# Command line: vivado.exe -gui_launcher_event rodinguilauncherevent5296 C:\Users\mehme\blg242\Latches and flipflops\project_2.xpr
# Log file: C:/Users/mehme/blg242/Latches and flipflops/vivado.log
# Journal file: C:/Users/mehme/blg242/Latches and flipflops\vivado.jou
#-----------------------------------------------------------
start_gui
open_project {C:/Users/mehme/blg242/Latches and flipflops/project_2.xpr}
INFO: [Project 1-313] Project file moved from 'C:/Users/mehme/blg242/project_2' since last save.
Scanning sources...
Finished scanning sources
INFO: [IP_Flow 19-234] Refreshing IP repositories
INFO: [IP_Flow 19-1704] No user IP repositories specified
INFO: [IP_Flow 19-2313] Loaded Vivado IP repository 'C:/Xilinx_LogicLab/Vivado/2017.4/data/ip'.
update_compile_order -fileset sources_1
exit
INFO: [Common 17-206] Exiting Vivado at Mon May 20 23:09:20 2024...
